<?xml version="1.0" encoding="UTF-8"?>
<!-- Generated by org.testng.reporters.JUnitXMLReporter -->
<testsuite ignored="0" hostname="LAPTOP-U0FAR30F" failures="0" tests="6" name="Default test" time="1.518" errors="0" timestamp="2023-03-28T08:53:02 IST">
  <testcase classname="com.employeeApi.testcases.TestCase_001" name="verifyContentType" time="0.012"/>
  <testcase classname="com.employeeApi.testcases.TestCase_001" name="verifyResponseTime" time="0.004"/>
  <testcase classname="com.employeeApi.testcases.TestCase_001" name="verifyServerType" time="0.003"/>
  <testcase classname="com.employeeApi.testcases.TestCase_001" name="verifyStatusCode" time="0.002"/>
  <testcase classname="com.employeeApi.testcases.TestCase_001" name="verifyStatusline" time="0.003"/>
  <testcase classname="com.employeeApi.testcases.TestCase_001" name="verifyresponsebody" time="0.027"/>
</testsuite> <!-- Default test -->
