<?xml version="1.0" encoding="UTF-8"?>
<!-- Generated by org.testng.reporters.JUnitXMLReporter -->
<testsuite ignored="0" hostname="LAPTOP-U0FAR30F" failures="0" tests="4" name="Default test" time="2.411" errors="0" timestamp="2023-03-26T21:40:02 IST">
  <testcase classname="com.employeeApi.testcases.TestCase_001" name="verifyResponseTime" time="0.016"/>
  <testcase classname="com.employeeApi.testcases.TestCase_001" name="verifyStatusCode" time="0.004"/>
  <testcase classname="com.employeeApi.testcases.TestCase_001" name="verifyStatusline" time="0.003"/>
  <testcase classname="com.employeeApi.testcases.TestCase_001" name="verifyresponsebody" time="0.032"/>
</testsuite> <!-- Default test -->
