<?xml version="1.0" encoding="UTF-8"?>
<!-- Generated by org.testng.reporters.JUnitXMLReporter -->
<testsuite ignored="0" hostname="LAPTOP-U0FAR30F" failures="0" tests="4" name="Command line test" time="1.54" errors="0" timestamp="2023-03-27T10:28:36 IST">
  <testcase classname="com.employeeApi.testcases.TestCase_001" name="verifyResponseTime" time="0.0"/>
  <testcase classname="com.employeeApi.testcases.TestCase_001" name="verifyStatusCode" time="0.003"/>
  <testcase classname="com.employeeApi.testcases.TestCase_001" name="verifyStatusline" time="0.0"/>
  <testcase classname="com.employeeApi.testcases.TestCase_001" name="verifyresponsebody" time="0.023"/>
</testsuite> <!-- Command line test -->
