<?xml version="1.0" encoding="UTF-8" ?>
<testsuite tests="4" failures="0" name="TestSuite" time="0.049" errors="0" skipped="0">
  <properties>
[...]
</properties>
  <testcase classname="com.employeeApi.testcases.TestCase_001" name="verifyResponseTime" time="0.014"/>
  <testcase classname="com.employeeApi.testcases.TestCase_001" name="verifyStatusCode" time="0.002"/>
  <testcase classname="com.employeeApi.testcases.TestCase_001" name="verifyStatusline" time="0"/>
  <testcase classname="com.employeeApi.testcases.TestCase_001" name="verifyresponsebody" time="0.033"/>
</testsuite>