<?xml version="1.0" encoding="UTF-8"?>
<testng-results ignored="0" total="4" passed="4" failed="0" skipped="0">
  <reporter-output>
  </reporter-output>
  <suite started-at="2023-03-27T10:28:35 IST" name="Command line suite" finished-at="2023-03-27T10:28:36 IST" duration-ms="1540">
    <groups>
    </groups>
    <test started-at="2023-03-27T10:28:35 IST" name="Command line test" finished-at="2023-03-27T10:28:36 IST" duration-ms="1540">
      <class name="com.employeeApi.testcases.TestCase_001">
        <test-method is-config="true" signature="setup()[pri:0, instance:com.employeeApi.testcases.TestCase_001@75f9eccc]" started-at="2023-03-27T10:28:35 IST" name="setup" finished-at="2023-03-27T10:28:35 IST" duration-ms="96" status="PASS">
          <reporter-output>
          </reporter-output>
        </test-method> <!-- setup -->
        <test-method is-config="true" signature="getAllEmplyoess()[pri:0, instance:com.employeeApi.testcases.TestCase_001@75f9eccc]" started-at="2023-03-27T10:28:35 IST" name="getAllEmplyoess" finished-at="2023-03-27T10:28:36 IST" duration-ms="1366" status="PASS">
          <reporter-output>
          </reporter-output>
        </test-method> <!-- getAllEmplyoess -->
        <test-method signature="verifyResponseTime()[pri:0, instance:com.employeeApi.testcases.TestCase_001@75f9eccc]" started-at="2023-03-27T10:28:36 IST" name="verifyResponseTime" finished-at="2023-03-27T10:28:36 IST" duration-ms="0" status="PASS">
          <reporter-output>
          </reporter-output>
        </test-method> <!-- verifyResponseTime -->
        <test-method signature="verifyStatusCode()[pri:0, instance:com.employeeApi.testcases.TestCase_001@75f9eccc]" started-at="2023-03-27T10:28:36 IST" name="verifyStatusCode" finished-at="2023-03-27T10:28:36 IST" duration-ms="3" status="PASS">
          <reporter-output>
          </reporter-output>
        </test-method> <!-- verifyStatusCode -->
        <test-method signature="verifyStatusline()[pri:0, instance:com.employeeApi.testcases.TestCase_001@75f9eccc]" started-at="2023-03-27T10:28:36 IST" name="verifyStatusline" finished-at="2023-03-27T10:28:36 IST" duration-ms="0" status="PASS">
          <reporter-output>
          </reporter-output>
        </test-method> <!-- verifyStatusline -->
        <test-method signature="verifyresponsebody()[pri:0, instance:com.employeeApi.testcases.TestCase_001@75f9eccc]" started-at="2023-03-27T10:28:36 IST" name="verifyresponsebody" finished-at="2023-03-27T10:28:36 IST" duration-ms="23" status="PASS">
          <reporter-output>
          </reporter-output>
        </test-method> <!-- verifyresponsebody -->
      </class> <!-- com.employeeApi.testcases.TestCase_001 -->
    </test> <!-- Command line test -->
  </suite> <!-- Command line suite -->
</testng-results>
