<?xml version="1.0" encoding="UTF-8"?>
<testng-results ignored="0" total="6" passed="6" failed="0" skipped="0">
  <reporter-output>
  </reporter-output>
  <suite started-at="2023-03-28T08:53:01 IST" name="Default suite" finished-at="2023-03-28T08:53:02 IST" duration-ms="1518">
    <groups>
    </groups>
    <test started-at="2023-03-28T08:53:01 IST" name="Default test" finished-at="2023-03-28T08:53:02 IST" duration-ms="1518">
      <class name="com.employeeApi.testcases.TestCase_001">
        <test-method is-config="true" signature="setup()[pri:0, instance:com.employeeApi.testcases.TestCase_001@4a94ee4]" started-at="2023-03-28T08:53:01 IST" name="setup" finished-at="2023-03-28T08:53:01 IST" duration-ms="85" status="PASS">
          <reporter-output>
          </reporter-output>
        </test-method> <!-- setup -->
        <test-method is-config="true" signature="getAllEmplyoess()[pri:0, instance:com.employeeApi.testcases.TestCase_001@4a94ee4]" started-at="2023-03-28T08:53:01 IST" name="getAllEmplyoess" finished-at="2023-03-28T08:53:02 IST" duration-ms="1335" status="PASS">
          <reporter-output>
          </reporter-output>
        </test-method> <!-- getAllEmplyoess -->
        <test-method signature="verifyContentType()[pri:0, instance:com.employeeApi.testcases.TestCase_001@4a94ee4]" started-at="2023-03-28T08:53:02 IST" name="verifyContentType" finished-at="2023-03-28T08:53:02 IST" duration-ms="12" status="PASS">
          <reporter-output>
          </reporter-output>
        </test-method> <!-- verifyContentType -->
        <test-method signature="verifyResponseTime()[pri:0, instance:com.employeeApi.testcases.TestCase_001@4a94ee4]" started-at="2023-03-28T08:53:02 IST" name="verifyResponseTime" finished-at="2023-03-28T08:53:02 IST" duration-ms="4" status="PASS">
          <reporter-output>
          </reporter-output>
        </test-method> <!-- verifyResponseTime -->
        <test-method signature="verifyServerType()[pri:0, instance:com.employeeApi.testcases.TestCase_001@4a94ee4]" started-at="2023-03-28T08:53:02 IST" name="verifyServerType" finished-at="2023-03-28T08:53:02 IST" duration-ms="3" status="PASS">
          <reporter-output>
          </reporter-output>
        </test-method> <!-- verifyServerType -->
        <test-method signature="verifyStatusCode()[pri:0, instance:com.employeeApi.testcases.TestCase_001@4a94ee4]" started-at="2023-03-28T08:53:02 IST" name="verifyStatusCode" finished-at="2023-03-28T08:53:02 IST" duration-ms="2" status="PASS">
          <reporter-output>
          </reporter-output>
        </test-method> <!-- verifyStatusCode -->
        <test-method signature="verifyStatusline()[pri:0, instance:com.employeeApi.testcases.TestCase_001@4a94ee4]" started-at="2023-03-28T08:53:02 IST" name="verifyStatusline" finished-at="2023-03-28T08:53:02 IST" duration-ms="3" status="PASS">
          <reporter-output>
          </reporter-output>
        </test-method> <!-- verifyStatusline -->
        <test-method signature="verifyresponsebody()[pri:0, instance:com.employeeApi.testcases.TestCase_001@4a94ee4]" started-at="2023-03-28T08:53:02 IST" name="verifyresponsebody" finished-at="2023-03-28T08:53:02 IST" duration-ms="27" status="PASS">
          <reporter-output>
          </reporter-output>
        </test-method> <!-- verifyresponsebody -->
        <test-method is-config="true" signature="teardown()[pri:0, instance:com.employeeApi.testcases.TestCase_001@4a94ee4]" started-at="2023-03-28T08:53:02 IST" name="teardown" finished-at="2023-03-28T08:53:02 IST" duration-ms="1" status="PASS">
          <reporter-output>
          </reporter-output>
        </test-method> <!-- teardown -->
      </class> <!-- com.employeeApi.testcases.TestCase_001 -->
    </test> <!-- Default test -->
  </suite> <!-- Default suite -->
</testng-results>
