<?xml version="1.0" encoding="UTF-8"?>
<testng-results ignored="0" total="4" passed="4" failed="0" skipped="0">
  <reporter-output>
  </reporter-output>
  <suite started-at="2023-03-26T21:40:00 IST" name="Default suite" finished-at="2023-03-26T21:40:02 IST" duration-ms="2411">
    <groups>
    </groups>
    <test started-at="2023-03-26T21:40:00 IST" name="Default test" finished-at="2023-03-26T21:40:02 IST" duration-ms="2411">
      <class name="com.employeeApi.testcases.TestCase_001">
        <test-method is-config="true" signature="setup()[pri:0, instance:com.employeeApi.testcases.TestCase_001@4466af20]" started-at="2023-03-26T21:40:00 IST" name="setup" finished-at="2023-03-26T21:40:00 IST" duration-ms="149" status="PASS">
          <reporter-output>
          </reporter-output>
        </test-method> <!-- setup -->
        <test-method is-config="true" signature="getAllEmplyoess()[pri:0, instance:com.employeeApi.testcases.TestCase_001@4466af20]" started-at="2023-03-26T21:40:00 IST" name="getAllEmplyoess" finished-at="2023-03-26T21:40:02 IST" duration-ms="2144" status="PASS">
          <reporter-output>
          </reporter-output>
        </test-method> <!-- getAllEmplyoess -->
        <test-method signature="verifyResponseTime()[pri:0, instance:com.employeeApi.testcases.TestCase_001@4466af20]" started-at="2023-03-26T21:40:02 IST" name="verifyResponseTime" finished-at="2023-03-26T21:40:02 IST" duration-ms="16" status="PASS">
          <reporter-output>
          </reporter-output>
        </test-method> <!-- verifyResponseTime -->
        <test-method signature="verifyStatusCode()[pri:0, instance:com.employeeApi.testcases.TestCase_001@4466af20]" started-at="2023-03-26T21:40:02 IST" name="verifyStatusCode" finished-at="2023-03-26T21:40:02 IST" duration-ms="4" status="PASS">
          <reporter-output>
          </reporter-output>
        </test-method> <!-- verifyStatusCode -->
        <test-method signature="verifyStatusline()[pri:0, instance:com.employeeApi.testcases.TestCase_001@4466af20]" started-at="2023-03-26T21:40:02 IST" name="verifyStatusline" finished-at="2023-03-26T21:40:02 IST" duration-ms="3" status="PASS">
          <reporter-output>
          </reporter-output>
        </test-method> <!-- verifyStatusline -->
        <test-method signature="verifyresponsebody()[pri:0, instance:com.employeeApi.testcases.TestCase_001@4466af20]" started-at="2023-03-26T21:40:02 IST" name="verifyresponsebody" finished-at="2023-03-26T21:40:02 IST" duration-ms="32" status="PASS">
          <reporter-output>
          </reporter-output>
        </test-method> <!-- verifyresponsebody -->
      </class> <!-- com.employeeApi.testcases.TestCase_001 -->
    </test> <!-- Default test -->
  </suite> <!-- Default suite -->
</testng-results>
